<?xml version="1.0" encoding="UTF-8"?>
<testsuite name="com.manogstudios.racingsimulator.lwjgl3.DealershipScreenTest" tests="3" skipped="0" failures="0" errors="0" timestamp="2025-07-16T22:57:31" hostname="DESKTOP-DU7OUTD" time="0.046">
  <properties/>
  <testcase name="testFormatCash_withThousands()" classname="com.manogstudios.racingsimulator.lwjgl3.DealershipScreenTest" time="0.036"/>
  <testcase name="testCashFormatting()" classname="com.manogstudios.racingsimulator.lwjgl3.DealershipScreenTest" time="0.001"/>
  <testcase name="testBuyCarWithInsufficientCash()" classname="com.manogstudios.racingsimulator.lwjgl3.DealershipScreenTest" time="0.002"/>
  <system-out><![CDATA[]]></system-out>
  <system-err><![CDATA[]]></system-err>
</testsuite>
